number,values_0,values_1,datetime_start,datetime_complete,duration,params_batch_size,params_epoche_count,params_hidden_neurons_count,params_learning_rate,params_use_sigmoid,system_attrs_nsga2:generation,state
0,0.9553571428571429,208.0,2024-11-25 13:08:10.551685,2024-11-25 13:08:12.915486,0 days 00:00:02.363801,3,208,5,0.009000000000000001,True,0,COMPLETE
1,0.9553571428571429,74.0,2024-11-25 13:08:12.916428,2024-11-25 13:08:13.707246,0 days 00:00:00.790818,3,74,6,0.003,False,0,COMPLETE
2,0.5555555555555556,41.0,2024-11-25 13:08:13.708081,2024-11-25 13:08:14.153310,0 days 00:00:00.445229,4,41,9,0.002,True,0,COMPLETE
3,0.9326599326599326,62.0,2024-11-25 13:08:14.154262,2024-11-25 13:08:15.048048,0 days 00:00:00.893786,1,62,15,0.007,False,0,COMPLETE
4,0.9777530589543938,75.0,2024-11-25 13:08:15.048630,2024-11-25 13:08:15.845912,0 days 00:00:00.797282,5,75,10,0.01,True,0,COMPLETE
5,0.9777530589543938,109.0,2024-11-25 13:08:15.847392,2024-11-25 13:08:17.007547,0 days 00:00:01.160155,3,109,13,0.009000000000000001,False,0,COMPLETE
6,0.9326599326599326,49.0,2024-11-25 13:08:17.008269,2024-11-25 13:08:17.559787,0 days 00:00:00.551518,4,49,5,0.008,True,0,COMPLETE
7,0.9777530589543938,232.0,2024-11-25 13:08:17.560474,2024-11-25 13:08:20.269270,0 days 00:00:02.708796,3,232,13,0.006,True,0,COMPLETE
8,0.9553571428571429,64.0,2024-11-25 13:08:20.269753,2024-11-25 13:08:20.989598,0 days 00:00:00.719845,4,64,7,0.01,True,0,COMPLETE
9,0.9553571428571429,82.0,2024-11-25 13:08:20.990569,2024-11-25 13:08:22.203942,0 days 00:00:01.213373,1,82,7,0.004,False,0,COMPLETE
10,0.9777530589543938,266.0,2024-11-25 13:08:22.204531,2024-11-25 13:08:25.044771,0 days 00:00:02.840240,4,266,8,0.009000000000000001,True,0,COMPLETE
11,0.9777530589543938,142.0,2024-11-25 13:08:25.045352,2024-11-25 13:08:26.703823,0 days 00:00:01.658471,2,142,8,0.004,False,0,COMPLETE
12,0.9777530589543938,43.0,2024-11-25 13:08:26.704660,2024-11-25 13:08:27.330292,0 days 00:00:00.625632,1,43,10,0.008,False,0,COMPLETE
13,0.9553571428571429,247.0,2024-11-25 13:08:27.331276,2024-11-25 13:08:29.844761,0 days 00:00:02.513485,4,247,7,0.005,False,0,COMPLETE
14,0.9777530589543938,53.0,2024-11-25 13:08:29.845278,2024-11-25 13:08:30.495432,0 days 00:00:00.650154,2,53,15,0.006,True,0,COMPLETE
15,0.9326599326599326,180.0,2024-11-25 13:08:30.495999,2024-11-25 13:08:32.655424,0 days 00:00:02.159425,2,180,10,0.009000000000000001,True,0,COMPLETE
16,0.16666666666666666,53.0,2024-11-25 13:08:32.656049,2024-11-25 13:08:33.187992,0 days 00:00:00.531943,4,53,15,0.009000000000000001,False,0,COMPLETE
17,0.9553571428571429,147.0,2024-11-25 13:08:33.188958,2024-11-25 13:08:34.745458,0 days 00:00:01.556500,5,147,14,0.01,True,0,COMPLETE
18,0.9777530589543938,248.0,2024-11-25 13:08:34.746332,2024-11-25 13:08:38.257868,0 days 00:00:03.511536,1,248,8,0.004,False,0,COMPLETE
19,0.9777530589543938,208.0,2024-11-25 13:08:38.258599,2024-11-25 13:08:40.443014,0 days 00:00:02.184415,3,208,9,0.009000000000000001,False,0,COMPLETE
20,0.9553571428571429,129.0,2024-11-25 13:08:40.443675,2024-11-25 13:08:41.796840,0 days 00:00:01.353165,3,129,14,0.007,False,0,COMPLETE
21,0.9553571428571429,243.0,2024-11-25 13:08:41.797467,2024-11-25 13:08:44.196856,0 days 00:00:02.399389,4,243,10,0.004,False,0,COMPLETE
22,0.9326599326599326,256.0,2024-11-25 13:08:44.197838,2024-11-25 13:08:46.916776,0 days 00:00:02.718938,4,256,7,0.004,True,0,COMPLETE
23,0.9777530589543938,122.0,2024-11-25 13:08:46.917335,2024-11-25 13:08:48.672753,0 days 00:00:01.755418,1,122,7,0.01,True,0,COMPLETE
24,0.9553571428571429,247.0,2024-11-25 13:08:48.673412,2024-11-25 13:08:51.327812,0 days 00:00:02.654400,4,247,9,0.01,True,0,COMPLETE
25,0.9553571428571429,40.0,2024-11-25 13:08:51.328632,2024-11-25 13:08:51.767991,0 days 00:00:00.439359,4,40,14,0.006,False,0,COMPLETE
26,0.9553571428571429,225.0,2024-11-25 13:08:51.768506,2024-11-25 13:08:54.525018,0 days 00:00:02.756512,2,225,10,0.009000000000000001,True,0,COMPLETE
27,0.8611111111111112,43.0,2024-11-25 13:08:54.526135,2024-11-25 13:08:54.987595,0 days 00:00:00.461460,5,43,7,0.003,True,0,COMPLETE
28,0.9777530589543938,92.0,2024-11-25 13:08:54.988533,2024-11-25 13:08:56.031445,0 days 00:00:01.042912,3,92,6,0.01,True,0,COMPLETE
29,1.0,290.0,2024-11-25 13:08:56.031944,2024-11-25 13:08:58.914451,0 days 00:00:02.882507,5,290,11,0.009000000000000001,False,0,COMPLETE
30,0.32233381157340985,38.0,2024-11-25 13:08:58.915040,2024-11-25 13:08:59.496217,0 days 00:00:00.581177,1,38,12,0.001,True,0,COMPLETE
31,0.9553571428571429,34.0,2024-11-25 13:08:59.497151,2024-11-25 13:08:59.863121,0 days 00:00:00.365970,3,34,10,0.007,False,0,COMPLETE
32,0.4008004574042309,32.0,2024-11-25 13:08:59.863782,2024-11-25 13:09:00.204011,0 days 00:00:00.340229,5,32,5,0.003,True,0,COMPLETE
33,0.5555555555555556,45.0,2024-11-25 13:09:00.204719,2024-11-25 13:09:00.676212,0 days 00:00:00.471493,5,45,7,0.002,True,0,COMPLETE
34,0.6825396825396826,42.0,2024-11-25 13:09:00.676731,2024-11-25 13:09:01.168151,0 days 00:00:00.491420,3,42,5,0.004,True,0,COMPLETE
35,0.9332591768631814,65.0,2024-11-25 13:09:01.169055,2024-11-25 13:09:02.048009,0 days 00:00:00.878954,2,65,13,0.006,True,0,COMPLETE
36,0.9553571428571429,236.0,2024-11-25 13:09:02.048863,2024-11-25 13:09:04.889754,0 days 00:00:02.840891,2,236,11,0.003,False,0,COMPLETE
37,0.9777530589543938,31.0,2024-11-25 13:09:04.890673,2024-11-25 13:09:05.261977,0 days 00:00:00.371304,2,31,13,0.009000000000000001,False,0,COMPLETE
38,0.9777530589543938,53.0,2024-11-25 13:09:05.263090,2024-11-25 13:09:05.847469,0 days 00:00:00.584379,3,53,5,0.003,False,0,COMPLETE
39,0.9553571428571429,156.0,2024-11-25 13:09:05.848393,2024-11-25 13:09:07.446112,0 days 00:00:01.597719,4,156,8,0.006,False,0,COMPLETE
40,0.8611111111111112,33.0,2024-11-25 13:09:07.447018,2024-11-25 13:09:07.780337,0 days 00:00:00.333319,5,33,11,0.002,False,0,COMPLETE
41,0.9777530589543938,55.0,2024-11-25 13:09:07.780986,2024-11-25 13:09:08.443595,0 days 00:00:00.662609,2,55,14,0.001,False,0,COMPLETE
42,0.9777530589543938,38.0,2024-11-25 13:09:08.444193,2024-11-25 13:09:08.853147,0 days 00:00:00.408954,4,38,10,0.007,False,0,COMPLETE
43,0.9777530589543938,35.0,2024-11-25 13:09:08.853916,2024-11-25 13:09:09.205250,0 days 00:00:00.351334,5,35,13,0.003,False,0,COMPLETE
44,0.9777530589543938,299.0,2024-11-25 13:09:09.205788,2024-11-25 13:09:12.765660,0 days 00:00:03.559872,2,299,8,0.001,False,0,COMPLETE
45,0.9777530589543938,198.0,2024-11-25 13:09:12.766323,2024-11-25 13:09:14.881682,0 days 00:00:02.115359,5,198,14,0.004,True,0,COMPLETE
46,0.9553571428571429,133.0,2024-11-25 13:09:14.882681,2024-11-25 13:09:16.397564,0 days 00:00:01.514883,2,133,5,0.003,False,0,COMPLETE
47,0.9553571428571429,94.0,2024-11-25 13:09:16.398236,2024-11-25 13:09:17.831062,0 days 00:00:01.432826,1,94,14,0.005,True,0,COMPLETE
48,0.9777530589543938,72.0,2024-11-25 13:09:17.831711,2024-11-25 13:09:18.923131,0 days 00:00:01.091420,1,72,5,0.009000000000000001,True,0,COMPLETE
49,0.9553571428571429,219.0,2024-11-25 13:09:18.923883,2024-11-25 13:09:22.222483,0 days 00:00:03.298600,1,219,10,0.007,True,0,COMPLETE
50,0.9777530589543938,92.0,2024-11-25 13:09:22.223072,2024-11-25 13:09:23.198068,0 days 00:00:00.974996,3,92,6,0.01,False,1,COMPLETE
51,0.9553571428571429,232.0,2024-11-25 13:09:23.199001,2024-11-25 13:09:26.724768,0 days 00:00:03.525767,1,232,13,0.003,True,1,COMPLETE
52,0.9326599326599326,75.0,2024-11-25 13:09:26.725331,2024-11-25 13:09:27.599182,0 days 00:00:00.873851,2,75,14,0.007,False,1,COMPLETE
53,0.9777530589543938,75.0,2024-11-25 13:09:27.599773,2024-11-25 13:09:28.417910,0 days 00:00:00.818137,4,75,6,0.009000000000000001,True,1,COMPLETE
54,0.9553571428571429,82.0,2024-11-25 13:09:28.418888,2024-11-25 13:09:29.629771,0 days 00:00:01.210883,1,82,15,0.007,False,1,COMPLETE
55,0.9553571428571429,94.0,2024-11-25 13:09:29.630332,2024-11-25 13:09:30.617325,0 days 00:00:00.986993,4,94,10,0.007,False,1,COMPLETE
56,0.9777530589543938,213.0,2024-11-25 13:09:30.617982,2024-11-25 13:09:33.128404,0 days 00:00:02.510422,2,213,10,0.009000000000000001,False,1,COMPLETE
57,0.9777530589543938,198.0,2024-11-25 13:09:33.129153,2024-11-25 13:09:35.244377,0 days 00:00:02.115224,5,198,14,0.004,True,1,COMPLETE
58,0.8857142857142857,32.0,2024-11-25 13:09:35.245247,2024-11-25 13:09:35.628258,0 days 00:00:00.383011,3,32,13,0.007,True,1,COMPLETE
59,0.6443228454172367,37.0,2024-11-25 13:09:35.628846,2024-11-25 13:09:36.038184,0 days 00:00:00.409338,3,37,5,0.009000000000000001,True,1,COMPLETE
60,0.9777530589543938,119.0,2024-11-25 13:09:36.039344,2024-11-25 13:09:37.291049,0 days 00:00:01.251705,4,119,10,0.009000000000000001,False,1,COMPLETE
61,0.8086124401913877,55.0,2024-11-25 13:09:37.291596,2024-11-25 13:09:37.890259,0 days 00:00:00.598663,5,55,14,0.001,True,1,COMPLETE
62,0.9326599326599326,30.0,2024-11-25 13:09:37.890910,2024-11-25 13:09:38.281149,0 days 00:00:00.390239,2,30,14,0.007,True,1,COMPLETE
63,0.9777530589543938,53.0,2024-11-25 13:09:38.282279,2024-11-25 13:09:38.821300,0 days 00:00:00.539021,4,53,5,0.003,False,1,COMPLETE
64,0.9095022624434389,33.0,2024-11-25 13:09:38.822302,2024-11-25 13:09:39.160120,0 days 00:00:00.337818,5,33,11,0.002,False,1,COMPLETE
65,0.9553571428571429,34.0,2024-11-25 13:09:39.161265,2024-11-25 13:09:39.528410,0 days 00:00:00.367145,3,34,13,0.009000000000000001,False,1,COMPLETE
66,0.9553571428571429,53.0,2024-11-25 13:09:39.529518,2024-11-25 13:09:40.077112,0 days 00:00:00.547594,5,53,5,0.003,False,1,COMPLETE
67,0.9777530589543938,143.0,2024-11-25 13:09:40.077976,2024-11-25 13:09:42.130184,0 days 00:00:02.052208,1,143,8,0.004,False,1,COMPLETE
68,0.6443228454172367,63.0,2024-11-25 13:09:42.131154,2024-11-25 13:09:42.801046,0 days 00:00:00.669892,5,63,7,0.002,True,1,COMPLETE
69,0.9553571428571429,208.0,2024-11-25 13:09:42.802081,2024-11-25 13:09:45.805324,0 days 00:00:03.003243,1,208,9,0.001,False,1,COMPLETE
70,0.9777530589543938,208.0,2024-11-25 13:09:45.806294,2024-11-25 13:09:48.039521,0 days 00:00:02.233227,4,208,7,0.009000000000000001,True,1,COMPLETE
71,0.9553571428571429,147.0,2024-11-25 13:09:48.040791,2024-11-25 13:09:49.781117,0 days 00:00:01.740326,2,147,14,0.003,False,1,COMPLETE
72,0.318922305764411,34.0,2024-11-25 13:09:49.781777,2024-11-25 13:09:50.307816,0 days 00:00:00.526039,1,34,12,0.001,True,1,COMPLETE
73,0.48613291470434333,72.0,2024-11-25 13:09:50.308878,2024-11-25 13:09:51.387067,0 days 00:00:01.078189,1,72,5,0.001,True,1,COMPLETE
74,0.9777530589543938,219.0,2024-11-25 13:09:51.387812,2024-11-25 13:09:54.706887,0 days 00:00:03.319075,1,219,10,0.007,True,1,COMPLETE
75,0.9777530589543938,133.0,2024-11-25 13:09:54.707975,2024-11-25 13:09:56.350909,0 days 00:00:01.642934,2,133,14,0.003,True,1,COMPLETE
76,0.9553571428571429,156.0,2024-11-25 13:09:56.351619,2024-11-25 13:09:57.935587,0 days 00:00:01.583968,4,156,8,0.006,False,1,COMPLETE
77,0.9777530589543938,43.0,2024-11-25 13:09:57.936133,2024-11-25 13:09:58.450189,0 days 00:00:00.514056,2,43,10,0.008,False,1,COMPLETE
78,0.9326599326599326,102.0,2024-11-25 13:09:58.450961,2024-11-25 13:09:59.541612,0 days 00:00:01.090651,3,102,10,0.01,False,1,COMPLETE
79,0.9777530589543938,109.0,2024-11-25 13:09:59.542592,2024-11-25 13:10:00.619328,0 days 00:00:01.076736,5,109,8,0.009000000000000001,False,1,COMPLETE
80,0.9777530589543938,31.0,2024-11-25 13:10:00.620380,2024-11-25 13:10:00.946109,0 days 00:00:00.325729,3,31,14,0.007,False,1,COMPLETE
81,1.0,225.0,2024-11-25 13:10:00.946869,2024-11-25 13:10:03.580037,0 days 00:00:02.633168,2,225,14,0.009000000000000001,False,1,COMPLETE
82,0.9553571428571429,208.0,2024-11-25 13:10:03.581440,2024-11-25 13:10:06.571505,0 days 00:00:02.990065,1,208,11,0.007,False,1,COMPLETE
83,0.9777530589543938,82.0,2024-11-25 13:10:06.572604,2024-11-25 13:10:07.420440,0 days 00:00:00.847836,4,82,7,0.007,False,1,COMPLETE
84,0.9095022624434389,82.0,2024-11-25 13:10:07.420956,2024-11-25 13:10:08.304122,0 days 00:00:00.883166,4,82,7,0.01,True,1,COMPLETE
85,0.9777530589543938,122.0,2024-11-25 13:10:08.305099,2024-11-25 13:10:10.130285,0 days 00:00:01.825186,1,122,14,0.007,True,1,COMPLETE
86,0.9553571428571429,133.0,2024-11-25 13:10:10.131345,2024-11-25 13:10:12.049663,0 days 00:00:01.918318,1,133,10,0.008,False,1,COMPLETE
87,0.9777530589543938,65.0,2024-11-25 13:10:12.050406,2024-11-25 13:10:12.745674,0 days 00:00:00.695268,3,65,9,0.009000000000000001,False,1,COMPLETE
88,0.9326599326599326,66.0,2024-11-25 13:10:12.746465,2024-11-25 13:10:13.729364,0 days 00:00:00.982899,1,66,11,0.006,True,1,COMPLETE
89,0.9777530589543938,142.0,2024-11-25 13:10:13.730280,2024-11-25 13:10:15.502249,0 days 00:00:01.771969,2,142,14,0.004,True,1,COMPLETE
90,0.9326599326599326,243.0,2024-11-25 13:10:15.503029,2024-11-25 13:10:18.112502,0 days 00:00:02.609473,3,243,10,0.004,False,1,COMPLETE
91,0.9777530589543938,290.0,2024-11-25 13:10:18.113771,2024-11-25 13:10:21.025103,0 days 00:00:02.911332,5,290,11,0.009000000000000001,False,1,COMPLETE
92,0.9777530589543938,38.0,2024-11-25 13:10:21.026550,2024-11-25 13:10:21.578352,0 days 00:00:00.551802,1,38,10,0.007,False,1,COMPLETE
93,0.9777530589543938,82.0,2024-11-25 13:10:21.579694,2024-11-25 13:10:22.742061,0 days 00:00:01.162367,1,82,8,0.004,False,1,COMPLETE
94,0.9326599326599326,129.0,2024-11-25 13:10:22.742699,2024-11-25 13:10:24.152052,0 days 00:00:01.409353,3,129,14,0.009000000000000001,False,1,COMPLETE
95,0.9777530589543938,162.0,2024-11-25 13:10:24.152609,2024-11-25 13:10:26.481921,0 days 00:00:02.329312,1,162,14,0.004,False,1,COMPLETE
96,0.9332591768631814,232.0,2024-11-25 13:10:26.482622,2024-11-25 13:10:29.338858,0 days 00:00:02.856236,2,232,12,0.001,True,1,COMPLETE
97,0.9777530589543938,94.0,2024-11-25 13:10:29.339774,2024-11-25 13:10:30.417194,0 days 00:00:01.077420,3,94,14,0.005,True,1,COMPLETE
98,0.9777530589543938,122.0,2024-11-25 13:10:30.418208,2024-11-25 13:10:32.236427,0 days 00:00:01.818219,1,122,14,0.007,True,1,COMPLETE
99,0.9553571428571429,136.0,2024-11-25 13:10:32.237129,2024-11-25 13:10:33.586211,0 days 00:00:01.349082,5,136,13,0.004,False,1,COMPLETE
